mode: set
github.com/IvanRodriguez09/backpack-bcgow6-ivan-rodriguez/go-testing/go-testing-2/internal/products/repository/repository.go:36.47,40.2 1 1
github.com/IvanRodriguez09/backpack-bcgow6-ivan-rodriguez/go-testing/go-testing-2/internal/products/repository/repository.go:42.121,44.42 2 0
github.com/IvanRodriguez09/backpack-bcgow6-ivan-rodriguez/go-testing/go-testing-2/internal/products/repository/repository.go:47.2,49.42 3 0
github.com/IvanRodriguez09/backpack-bcgow6-ivan-rodriguez/go-testing/go-testing-2/internal/products/repository/repository.go:52.2,52.15 1 0
github.com/IvanRodriguez09/backpack-bcgow6-ivan-rodriguez/go-testing/go-testing-2/internal/products/repository/repository.go:44.42,46.3 1 0
github.com/IvanRodriguez09/backpack-bcgow6-ivan-rodriguez/go-testing/go-testing-2/internal/products/repository/repository.go:49.42,51.3 1 0
github.com/IvanRodriguez09/backpack-bcgow6-ivan-rodriguez/go-testing/go-testing-2/internal/products/repository/repository.go:55.50,57.42 2 1
github.com/IvanRodriguez09/backpack-bcgow6-ivan-rodriguez/go-testing/go-testing-2/internal/products/repository/repository.go:60.2,60.19 1 1
github.com/IvanRodriguez09/backpack-bcgow6-ivan-rodriguez/go-testing/go-testing-2/internal/products/repository/repository.go:57.42,59.3 1 0
github.com/IvanRodriguez09/backpack-bcgow6-ivan-rodriguez/go-testing/go-testing-2/internal/products/repository/repository.go:63.55,65.42 2 1
github.com/IvanRodriguez09/backpack-bcgow6-ivan-rodriguez/go-testing/go-testing-2/internal/products/repository/repository.go:68.2,68.26 1 1
github.com/IvanRodriguez09/backpack-bcgow6-ivan-rodriguez/go-testing/go-testing-2/internal/products/repository/repository.go:73.2,73.51 1 0
github.com/IvanRodriguez09/backpack-bcgow6-ivan-rodriguez/go-testing/go-testing-2/internal/products/repository/repository.go:65.42,67.3 1 0
github.com/IvanRodriguez09/backpack-bcgow6-ivan-rodriguez/go-testing/go-testing-2/internal/products/repository/repository.go:68.26,69.17 1 1
github.com/IvanRodriguez09/backpack-bcgow6-ivan-rodriguez/go-testing/go-testing-2/internal/products/repository/repository.go:69.17,71.4 1 1
github.com/IvanRodriguez09/backpack-bcgow6-ivan-rodriguez/go-testing/go-testing-2/internal/products/repository/repository.go:76.47,78.42 2 0
github.com/IvanRodriguez09/backpack-bcgow6-ivan-rodriguez/go-testing/go-testing-2/internal/products/repository/repository.go:81.2,81.42 1 0
github.com/IvanRodriguez09/backpack-bcgow6-ivan-rodriguez/go-testing/go-testing-2/internal/products/repository/repository.go:84.2,84.21 1 0
github.com/IvanRodriguez09/backpack-bcgow6-ivan-rodriguez/go-testing/go-testing-2/internal/products/repository/repository.go:87.2,87.36 1 0
github.com/IvanRodriguez09/backpack-bcgow6-ivan-rodriguez/go-testing/go-testing-2/internal/products/repository/repository.go:78.42,80.3 1 0
github.com/IvanRodriguez09/backpack-bcgow6-ivan-rodriguez/go-testing/go-testing-2/internal/products/repository/repository.go:81.42,83.3 1 0
github.com/IvanRodriguez09/backpack-bcgow6-ivan-rodriguez/go-testing/go-testing-2/internal/products/repository/repository.go:84.21,86.3 1 0
github.com/IvanRodriguez09/backpack-bcgow6-ivan-rodriguez/go-testing/go-testing-2/internal/products/repository/repository.go:90.122,92.42 2 0
github.com/IvanRodriguez09/backpack-bcgow6-ivan-rodriguez/go-testing/go-testing-2/internal/products/repository/repository.go:95.2,96.16 2 0
github.com/IvanRodriguez09/backpack-bcgow6-ivan-rodriguez/go-testing/go-testing-2/internal/products/repository/repository.go:99.2,106.42 8 0
github.com/IvanRodriguez09/backpack-bcgow6-ivan-rodriguez/go-testing/go-testing-2/internal/products/repository/repository.go:109.2,109.15 1 0
github.com/IvanRodriguez09/backpack-bcgow6-ivan-rodriguez/go-testing/go-testing-2/internal/products/repository/repository.go:92.42,94.3 1 0
github.com/IvanRodriguez09/backpack-bcgow6-ivan-rodriguez/go-testing/go-testing-2/internal/products/repository/repository.go:96.16,98.3 1 0
github.com/IvanRodriguez09/backpack-bcgow6-ivan-rodriguez/go-testing/go-testing-2/internal/products/repository/repository.go:106.42,108.3 1 0
github.com/IvanRodriguez09/backpack-bcgow6-ivan-rodriguez/go-testing/go-testing-2/internal/products/repository/repository.go:112.94,114.42 2 0
github.com/IvanRodriguez09/backpack-bcgow6-ivan-rodriguez/go-testing/go-testing-2/internal/products/repository/repository.go:117.2,118.16 2 0
github.com/IvanRodriguez09/backpack-bcgow6-ivan-rodriguez/go-testing/go-testing-2/internal/products/repository/repository.go:121.2,124.42 4 0
github.com/IvanRodriguez09/backpack-bcgow6-ivan-rodriguez/go-testing/go-testing-2/internal/products/repository/repository.go:127.2,127.15 1 0
github.com/IvanRodriguez09/backpack-bcgow6-ivan-rodriguez/go-testing/go-testing-2/internal/products/repository/repository.go:114.42,116.3 1 0
github.com/IvanRodriguez09/backpack-bcgow6-ivan-rodriguez/go-testing/go-testing-2/internal/products/repository/repository.go:118.16,120.3 1 0
github.com/IvanRodriguez09/backpack-bcgow6-ivan-rodriguez/go-testing/go-testing-2/internal/products/repository/repository.go:124.42,126.3 1 0
github.com/IvanRodriguez09/backpack-bcgow6-ivan-rodriguez/go-testing/go-testing-2/internal/products/repository/repository.go:130.71,132.42 2 1
github.com/IvanRodriguez09/backpack-bcgow6-ivan-rodriguez/go-testing/go-testing-2/internal/products/repository/repository.go:135.2,136.16 2 1
github.com/IvanRodriguez09/backpack-bcgow6-ivan-rodriguez/go-testing/go-testing-2/internal/products/repository/repository.go:139.2,141.42 3 1
github.com/IvanRodriguez09/backpack-bcgow6-ivan-rodriguez/go-testing/go-testing-2/internal/products/repository/repository.go:144.2,144.15 1 1
github.com/IvanRodriguez09/backpack-bcgow6-ivan-rodriguez/go-testing/go-testing-2/internal/products/repository/repository.go:132.42,134.3 1 0
github.com/IvanRodriguez09/backpack-bcgow6-ivan-rodriguez/go-testing/go-testing-2/internal/products/repository/repository.go:136.16,138.3 1 0
github.com/IvanRodriguez09/backpack-bcgow6-ivan-rodriguez/go-testing/go-testing-2/internal/products/repository/repository.go:141.42,143.3 1 0
github.com/IvanRodriguez09/backpack-bcgow6-ivan-rodriguez/go-testing/go-testing-2/internal/products/repository/repository.go:147.43,149.42 2 0
github.com/IvanRodriguez09/backpack-bcgow6-ivan-rodriguez/go-testing/go-testing-2/internal/products/repository/repository.go:152.2,153.16 2 0
github.com/IvanRodriguez09/backpack-bcgow6-ivan-rodriguez/go-testing/go-testing-2/internal/products/repository/repository.go:156.2,158.42 3 0
github.com/IvanRodriguez09/backpack-bcgow6-ivan-rodriguez/go-testing/go-testing-2/internal/products/repository/repository.go:161.2,161.12 1 0
github.com/IvanRodriguez09/backpack-bcgow6-ivan-rodriguez/go-testing/go-testing-2/internal/products/repository/repository.go:149.42,151.3 1 0
github.com/IvanRodriguez09/backpack-bcgow6-ivan-rodriguez/go-testing/go-testing-2/internal/products/repository/repository.go:153.16,155.3 1 0
github.com/IvanRodriguez09/backpack-bcgow6-ivan-rodriguez/go-testing/go-testing-2/internal/products/repository/repository.go:158.42,160.3 1 0
