mode: set
github.com/IvanRodriguez09/backpack-bcgow6-ivan-rodriguez/go-testing/go-testing-3/internal/products/repository.go:36.47,40.2 1 1
github.com/IvanRodriguez09/backpack-bcgow6-ivan-rodriguez/go-testing/go-testing-3/internal/products/repository.go:42.121,44.42 2 0
github.com/IvanRodriguez09/backpack-bcgow6-ivan-rodriguez/go-testing/go-testing-3/internal/products/repository.go:47.2,49.42 3 0
github.com/IvanRodriguez09/backpack-bcgow6-ivan-rodriguez/go-testing/go-testing-3/internal/products/repository.go:52.2,52.15 1 0
github.com/IvanRodriguez09/backpack-bcgow6-ivan-rodriguez/go-testing/go-testing-3/internal/products/repository.go:44.42,46.3 1 0
github.com/IvanRodriguez09/backpack-bcgow6-ivan-rodriguez/go-testing/go-testing-3/internal/products/repository.go:49.42,51.3 1 0
github.com/IvanRodriguez09/backpack-bcgow6-ivan-rodriguez/go-testing/go-testing-3/internal/products/repository.go:55.50,57.42 2 1
github.com/IvanRodriguez09/backpack-bcgow6-ivan-rodriguez/go-testing/go-testing-3/internal/products/repository.go:60.2,60.19 1 1
github.com/IvanRodriguez09/backpack-bcgow6-ivan-rodriguez/go-testing/go-testing-3/internal/products/repository.go:57.42,59.3 1 0
github.com/IvanRodriguez09/backpack-bcgow6-ivan-rodriguez/go-testing/go-testing-3/internal/products/repository.go:63.55,65.42 2 1
github.com/IvanRodriguez09/backpack-bcgow6-ivan-rodriguez/go-testing/go-testing-3/internal/products/repository.go:68.2,68.26 1 1
github.com/IvanRodriguez09/backpack-bcgow6-ivan-rodriguez/go-testing/go-testing-3/internal/products/repository.go:73.2,73.51 1 1
github.com/IvanRodriguez09/backpack-bcgow6-ivan-rodriguez/go-testing/go-testing-3/internal/products/repository.go:65.42,67.3 1 0
github.com/IvanRodriguez09/backpack-bcgow6-ivan-rodriguez/go-testing/go-testing-3/internal/products/repository.go:68.26,69.17 1 1
github.com/IvanRodriguez09/backpack-bcgow6-ivan-rodriguez/go-testing/go-testing-3/internal/products/repository.go:69.17,71.4 1 1
github.com/IvanRodriguez09/backpack-bcgow6-ivan-rodriguez/go-testing/go-testing-3/internal/products/repository.go:76.47,78.42 2 0
github.com/IvanRodriguez09/backpack-bcgow6-ivan-rodriguez/go-testing/go-testing-3/internal/products/repository.go:81.2,81.21 1 0
github.com/IvanRodriguez09/backpack-bcgow6-ivan-rodriguez/go-testing/go-testing-3/internal/products/repository.go:84.2,84.36 1 0
github.com/IvanRodriguez09/backpack-bcgow6-ivan-rodriguez/go-testing/go-testing-3/internal/products/repository.go:78.42,80.3 1 0
github.com/IvanRodriguez09/backpack-bcgow6-ivan-rodriguez/go-testing/go-testing-3/internal/products/repository.go:81.21,83.3 1 0
github.com/IvanRodriguez09/backpack-bcgow6-ivan-rodriguez/go-testing/go-testing-3/internal/products/repository.go:87.122,89.42 2 1
github.com/IvanRodriguez09/backpack-bcgow6-ivan-rodriguez/go-testing/go-testing-3/internal/products/repository.go:92.2,93.16 2 1
github.com/IvanRodriguez09/backpack-bcgow6-ivan-rodriguez/go-testing/go-testing-3/internal/products/repository.go:96.2,103.42 8 1
github.com/IvanRodriguez09/backpack-bcgow6-ivan-rodriguez/go-testing/go-testing-3/internal/products/repository.go:106.2,106.15 1 1
github.com/IvanRodriguez09/backpack-bcgow6-ivan-rodriguez/go-testing/go-testing-3/internal/products/repository.go:89.42,91.3 1 0
github.com/IvanRodriguez09/backpack-bcgow6-ivan-rodriguez/go-testing/go-testing-3/internal/products/repository.go:93.16,95.3 1 0
github.com/IvanRodriguez09/backpack-bcgow6-ivan-rodriguez/go-testing/go-testing-3/internal/products/repository.go:103.42,105.3 1 0
github.com/IvanRodriguez09/backpack-bcgow6-ivan-rodriguez/go-testing/go-testing-3/internal/products/repository.go:109.94,111.42 2 0
github.com/IvanRodriguez09/backpack-bcgow6-ivan-rodriguez/go-testing/go-testing-3/internal/products/repository.go:114.2,115.16 2 0
github.com/IvanRodriguez09/backpack-bcgow6-ivan-rodriguez/go-testing/go-testing-3/internal/products/repository.go:118.2,121.42 4 0
github.com/IvanRodriguez09/backpack-bcgow6-ivan-rodriguez/go-testing/go-testing-3/internal/products/repository.go:124.2,124.15 1 0
github.com/IvanRodriguez09/backpack-bcgow6-ivan-rodriguez/go-testing/go-testing-3/internal/products/repository.go:111.42,113.3 1 0
github.com/IvanRodriguez09/backpack-bcgow6-ivan-rodriguez/go-testing/go-testing-3/internal/products/repository.go:115.16,117.3 1 0
github.com/IvanRodriguez09/backpack-bcgow6-ivan-rodriguez/go-testing/go-testing-3/internal/products/repository.go:121.42,123.3 1 0
github.com/IvanRodriguez09/backpack-bcgow6-ivan-rodriguez/go-testing/go-testing-3/internal/products/repository.go:127.71,129.42 2 0
github.com/IvanRodriguez09/backpack-bcgow6-ivan-rodriguez/go-testing/go-testing-3/internal/products/repository.go:132.2,133.16 2 0
github.com/IvanRodriguez09/backpack-bcgow6-ivan-rodriguez/go-testing/go-testing-3/internal/products/repository.go:136.2,138.42 3 0
github.com/IvanRodriguez09/backpack-bcgow6-ivan-rodriguez/go-testing/go-testing-3/internal/products/repository.go:141.2,141.15 1 0
github.com/IvanRodriguez09/backpack-bcgow6-ivan-rodriguez/go-testing/go-testing-3/internal/products/repository.go:129.42,131.3 1 0
github.com/IvanRodriguez09/backpack-bcgow6-ivan-rodriguez/go-testing/go-testing-3/internal/products/repository.go:133.16,135.3 1 0
github.com/IvanRodriguez09/backpack-bcgow6-ivan-rodriguez/go-testing/go-testing-3/internal/products/repository.go:138.42,140.3 1 0
github.com/IvanRodriguez09/backpack-bcgow6-ivan-rodriguez/go-testing/go-testing-3/internal/products/repository.go:144.43,146.42 2 1
github.com/IvanRodriguez09/backpack-bcgow6-ivan-rodriguez/go-testing/go-testing-3/internal/products/repository.go:149.2,149.32 1 1
github.com/IvanRodriguez09/backpack-bcgow6-ivan-rodriguez/go-testing/go-testing-3/internal/products/repository.go:154.2,154.42 1 1
github.com/IvanRodriguez09/backpack-bcgow6-ivan-rodriguez/go-testing/go-testing-3/internal/products/repository.go:157.2,157.12 1 1
github.com/IvanRodriguez09/backpack-bcgow6-ivan-rodriguez/go-testing/go-testing-3/internal/products/repository.go:146.42,148.3 1 0
github.com/IvanRodriguez09/backpack-bcgow6-ivan-rodriguez/go-testing/go-testing-3/internal/products/repository.go:149.32,150.23 1 1
github.com/IvanRodriguez09/backpack-bcgow6-ivan-rodriguez/go-testing/go-testing-3/internal/products/repository.go:150.23,152.4 1 1
github.com/IvanRodriguez09/backpack-bcgow6-ivan-rodriguez/go-testing/go-testing-3/internal/products/repository.go:154.42,156.3 1 0
github.com/IvanRodriguez09/backpack-bcgow6-ivan-rodriguez/go-testing/go-testing-3/internal/products/service.go:17.39,21.2 1 1
github.com/IvanRodriguez09/backpack-bcgow6-ivan-rodriguez/go-testing/go-testing-3/internal/products/service.go:23.47,25.16 2 1
github.com/IvanRodriguez09/backpack-bcgow6-ivan-rodriguez/go-testing/go-testing-3/internal/products/service.go:28.2,28.19 1 1
github.com/IvanRodriguez09/backpack-bcgow6-ivan-rodriguez/go-testing/go-testing-3/internal/products/service.go:25.16,27.3 1 0
github.com/IvanRodriguez09/backpack-bcgow6-ivan-rodriguez/go-testing/go-testing-3/internal/products/service.go:31.52,33.16 2 1
github.com/IvanRodriguez09/backpack-bcgow6-ivan-rodriguez/go-testing/go-testing-3/internal/products/service.go:36.2,36.15 1 0
github.com/IvanRodriguez09/backpack-bcgow6-ivan-rodriguez/go-testing/go-testing-3/internal/products/service.go:33.16,35.3 1 1
github.com/IvanRodriguez09/backpack-bcgow6-ivan-rodriguez/go-testing/go-testing-3/internal/products/service.go:39.110,41.16 2 0
github.com/IvanRodriguez09/backpack-bcgow6-ivan-rodriguez/go-testing/go-testing-3/internal/products/service.go:44.2,46.16 3 0
github.com/IvanRodriguez09/backpack-bcgow6-ivan-rodriguez/go-testing/go-testing-3/internal/products/service.go:49.2,49.18 1 0
github.com/IvanRodriguez09/backpack-bcgow6-ivan-rodriguez/go-testing/go-testing-3/internal/products/service.go:41.16,43.3 1 0
github.com/IvanRodriguez09/backpack-bcgow6-ivan-rodriguez/go-testing/go-testing-3/internal/products/service.go:46.16,48.3 1 0
github.com/IvanRodriguez09/backpack-bcgow6-ivan-rodriguez/go-testing/go-testing-3/internal/products/service.go:52.44,54.2 1 0
github.com/IvanRodriguez09/backpack-bcgow6-ivan-rodriguez/go-testing/go-testing-3/internal/products/service.go:56.119,58.2 1 1
github.com/IvanRodriguez09/backpack-bcgow6-ivan-rodriguez/go-testing/go-testing-3/internal/products/service.go:60.91,62.2 1 0
github.com/IvanRodriguez09/backpack-bcgow6-ivan-rodriguez/go-testing/go-testing-3/internal/products/service.go:64.40,66.2 1 1
